1,563 - /index.php?do=show&formid=66
0,020 - /
1,378 - /index.php
0,830 - /index.php?do=show&formid=117
0,077 - /index.php?do=show&formid=117
1,826 - /index.php?do=show&formid=39&id=2904&event
1,589 - /index.php?do=show&formid=117
2,059 - /index.php?do=show&formid=39&id=2904&event
0,365 - /index.php?do=show&formid=39&id=2904&event
0,473 - /index.php?do=show&formid=274
0,662 - /index.php
0,527 - /index.php?do=show&formid=117
1,003 - /index.php?do=forms
0,627 - /index.php?do=forms&event
0,108 - /index.php?do=form&id=276
0,607 - /index.php?do=forms&event
0,706 - /index.php?do=form&id=281
1,000 - /index.php?do=show&formid=281
0,072 - /index.php?do=show&formid=274
0,158 - /index.php?do=show&formid=276
0,070 - /index.php?do=show&formid=281
0,045 - /index.php?do=show&formid=281
0,048 - /index.php?do=show&formid=281
0,084 - /index.php?do=show&formid=281
0,050 - /index.php?do=show&formid=276
0,047 - /index.php?do=show&formid=276
0,075 - /index.php?do=show&formid=281
0,057 - /index.php?do=show&formid=281
0,054 - /index.php?do=show&formid=281
0,056 - /index.php?do=show&formid=281
0,072 - /index.php?do=show&formid=281
0,081 - /index.php?do=show&formid=281
0,155 - /index.php?do=show&formid=276
2,520 - /index.php?do=show&formid=68
0,834 - /index.php?do=show&formid=68&p0=1.9.2018
7,023 - /index.php?do=show&formid=68&p0=1.8.2018
1,539 - /index.php?do=show&formid=281
1,535 - /index.php?do=show&formid=281
1,574 - /index.php?do=show&formid=281
1,593 - /index.php?do=show&formid=281
1,711 - /index.php?do=show&formid=281
155,300 - /index.php?do=show&formid=281
146,721 - /index.php?do=show&formid=281
145,426 - /index.php?do=show&formid=281
127,804 - /index.php?do=show&formid=281
96,283 - /index.php?do=show&formid=68&p0=1.8.2018
0,388 - /index.php?do=show&formid=117
1,382 - /index.php?do=show&formid=281
1,596 - /index.php?do=show&formid=281
1,593 - /index.php?do=show&formid=281
1,672 - /index.php?do=show&formid=281
1,544 - /index.php?do=show&formid=281
1,603 - /index.php?do=show&formid=281
1,766 - /index.php?do=show&formid=281
141,533 - /index.php?do=show&formid=281
116,900 - /index.php?do=show&formid=281
98,101 - /index.php?do=show&formid=281
16,301 - /index.php?do=show&formid=281
1,611 - /index.php?do=show&formid=281
1,718 - /index.php?do=show&formid=281
1,814 - /index.php?do=show&formid=281
1,838 - /index.php?do=show&formid=281
1,794 - /index.php?do=show&formid=281
1,880 - /index.php?do=show&formid=281
1,944 - /index.php?do=show&formid=281
1,773 - /index.php?do=show&formid=281
1,860 - /index.php?do=show&formid=281
1,766 - /index.php?do=show&formid=281
1,766 - /index.php?do=show&formid=281
1,732 - /index.php?do=show&formid=281
1,816 - /index.php?do=show&formid=281
1,724 - /index.php?do=show&formid=281
0,982 - /index.php?do=show&formid=281
1,727 - /index.php?do=show&formid=281
1,704 - /index.php?do=show&formid=281
1,903 - /index.php?do=show&formid=281
1,850 - /index.php?do=show&formid=281
1,740 - /index.php?do=show&formid=281
1,749 - /index.php?do=show&formid=281
1,741 - /index.php?do=show&formid=281
1,723 - /index.php?do=show&formid=281
1,066 - /index.php?do=show&formid=281
1,059 - /index.php?do=show&formid=281
1,051 - /index.php?do=show&formid=281
0,073 - /index.php?do=show&formid=281
0,070 - /index.php?do=show&formid=281
0,056 - /index.php?do=show&formid=281
0,061 - /index.php?do=show&formid=281
0,063 - /index.php?do=show&formid=281
0,064 - /index.php?do=show&formid=281
0,067 - /index.php?do=show&formid=281
0,069 - /index.php?do=show&formid=281
0,064 - /index.php?do=show&formid=281
1,090 - /index.php?do=show&formid=281
1,102 - /index.php?do=show&formid=281
1,030 - /index.php?do=show&formid=281
0,994 - /index.php?do=show&formid=281
0,074 - /index.php?do=show&formid=281
0,074 - /index.php?do=show&formid=281
0,055 - /index.php?do=show&formid=281
0,070 - /index.php?do=show&formid=281
0,049 - /index.php?do=show&formid=281
0,053 - /index.php?do=show&formid=281
0,077 - /index.php?do=show&formid=281
0,060 - /index.php?do=show&formid=281
0,061 - /index.php?do=show&formid=281
0,075 - /index.php?do=show&formid=281
0,067 - /index.php?do=show&formid=281
0,058 - /index.php?do=show&formid=281
0,073 - /index.php?do=show&formid=281
0,059 - /index.php?do=show&formid=281
0,071 - /index.php?do=show&formid=281
0,074 - /index.php?do=show&formid=281
0,066 - /index.php?do=show&formid=281
0,067 - /index.php?do=show&formid=281
0,075 - /index.php?do=show&formid=281
0,056 - /index.php?do=show&formid=281
0,070 - /index.php?do=show&formid=281
0,063 - /index.php?do=show&formid=281
0,075 - /index.php?do=show&formid=281
0,072 - /index.php?do=show&formid=281
0,055 - /index.php?do=show&formid=281
0,056 - /index.php?do=show&formid=281
0,058 - /index.php?do=show&formid=281
0,023 - /
0,040 - /index.php
0,055 - /index.php?do=show&formid=117
0,048 - /index.php?do=show&formid=281
0,054 - /index.php?do=show&formid=281
0,075 - /index.php?do=show&formid=281
0,697 - /index.php?do=forms
0,116 - /index.php?do=form&id=281
0,062 - /index.php?do=show&formid=281
0,075 - /index.php?do=show&formid=281
0,076 - /index.php?do=show&formid=281
0,064 - /index.php?do=show&formid=281
0,071 - /index.php?do=show&formid=281
1,025 - /index.php?do=show&formid=281
1,085 - /index.php?do=show&formid=281
2,353 - /index.php?do=show&formid=281
0,983 - /index.php?do=show&formid=281
0,992 - /index.php?do=show&formid=281
0,991 - /index.php?do=show&formid=281
0,966 - /index.php?do=show&formid=281
0,065 - /index.php?do=show&formid=281
1,648 - /index.php?do=show&formid=281
1,516 - /index.php
0,744 - /index.php?do=show&formid=117
0,687 - /index.php?do=show&formid=278
0,756 - /index.php?do=forms
0,577 - /index.php?do=forms&event
0,116 - /index.php?do=form&id=278
0,167 - /index.php?do=show&formid=278
0,144 - /index.php?do=show&formid=278
0,135 - /index.php?do=show&formid=278
0,128 - /index.php?do=show&formid=278
0,118 - /index.php?do=show&formid=278
0,131 - /index.php?do=show&formid=278
0,139 - /index.php?do=show&formid=278
0,147 - /index.php?do=show&formid=278
0,121 - /index.php?do=show&formid=278
0,107 - /index.php?do=show&formid=278
0,134 - /index.php?do=show&formid=278
0,126 - /index.php?do=show&formid=278
0,155 - /index.php?do=show&formid=278
0,150 - /index.php?do=show&formid=278
0,120 - /index.php?do=show&formid=278
0,134 - /index.php?do=show&formid=278
0,126 - /index.php?do=show&formid=278
0,143 - /index.php?do=show&formid=278
0,125 - /index.php?do=show&formid=278
0,135 - /index.php?do=show&formid=278
0,138 - /index.php?do=show&formid=278
0,134 - /index.php?do=show&formid=278
0,113 - /index.php?do=show&formid=278
0,139 - /index.php?do=show&formid=278
0,120 - /index.php?do=show&formid=278
0,140 - /index.php?do=show&formid=278
0,152 - /index.php?do=show&formid=278
0,134 - /index.php?do=show&formid=278
0,158 - /index.php?do=show&formid=278
0,131 - /index.php?do=show&formid=278
0,134 - /index.php?do=show&formid=278
0,118 - /index.php?do=show&formid=278
0,112 - /index.php?do=show&formid=278
0,134 - /index.php?do=show&formid=278
0,142 - /index.php?do=show&formid=278
0,123 - /index.php?do=show&formid=278
0,146 - /index.php?do=show&formid=278
0,135 - /index.php?do=show&formid=278
0,128 - /index.php?do=show&formid=278
0,133 - /index.php?do=show&formid=278
0,118 - /index.php?do=show&formid=278
0,144 - /index.php?do=show&formid=278
0,123 - /index.php?do=show&formid=278
0,133 - /index.php?do=show&formid=278
0,134 - /index.php?do=show&formid=278
0,140 - /index.php?do=show&formid=278
0,147 - /index.php?do=show&formid=278
0,133 - /index.php?do=show&formid=278
0,111 - /index.php?do=show&formid=278
0,114 - /index.php?do=show&formid=278
0,155 - /index.php?do=show&formid=278
0,119 - /index.php?do=show&formid=278
0,134 - /index.php?do=show&formid=278
0,132 - /index.php?do=show&formid=278
0,126 - /index.php?do=show&formid=278
0,048 - /
0,142 - /index.php?do=show&formid=278
0,060 - /index.php
0,071 - /index.php?do=show&formid=117
0,123 - /index.php?do=show&formid=278
0,124 - /index.php?do=show&formid=278
0,129 - /index.php?do=show&formid=278
0,152 - /index.php?do=show&formid=278
0,115 - /index.php?do=show&formid=278
0,142 - /index.php?do=show&formid=278
0,114 - /index.php?do=show&formid=278
0,122 - /index.php?do=show&formid=278
0,131 - /index.php?do=show&formid=278
0,117 - /index.php?do=show&formid=278
0,130 - /index.php?do=show&formid=278
0,131 - /index.php?do=show&formid=278
0,119 - /index.php?do=show&formid=278
0,126 - /index.php?do=show&formid=278
0,122 - /index.php?do=show&formid=278
0,127 - /index.php?do=show&formid=278
0,141 - /index.php?do=show&formid=278
0,125 - /index.php?do=show&formid=278
0,136 - /index.php?do=show&formid=278
0,120 - /index.php?do=show&formid=278
0,120 - /index.php?do=show&formid=278
0,107 - /index.php?do=show&formid=278
0,116 - /index.php?do=show&formid=278
0,144 - /index.php?do=show&formid=278
0,119 - /index.php?do=show&formid=278
0,129 - /index.php?do=show&formid=278
0,109 - /index.php?do=show&formid=278
0,137 - /index.php?do=show&formid=278
2,541 - /index.php?do=show&formid=278
0,133 - /index.php?do=show&formid=278
0,111 - /index.php?do=show&formid=278
0,129 - /index.php?do=show&formid=278
0,143 - /index.php?do=show&formid=278
0,105 - /index.php?do=show&formid=278
0,115 - /index.php?do=show&formid=278
0,137 - /index.php?do=show&formid=278
0,130 - /index.php?do=show&formid=278
0,139 - /index.php?do=show&formid=278
0,116 - /index.php?do=show&formid=278
0,130 - /index.php?do=show&formid=278
0,150 - /index.php?do=show&formid=278
0,110 - /index.php?do=show&formid=278
0,114 - /index.php?do=show&formid=278
0,119 - /index.php?do=show&formid=278
0,144 - /index.php?do=show&formid=278
0,131 - /index.php?do=show&formid=278
0,140 - /index.php?do=show&formid=278
0,117 - /index.php?do=show&formid=278
0,135 - /index.php?do=show&formid=278
0,116 - /index.php?do=show&formid=278
0,157 - /index.php?do=show&formid=278
0,116 - /index.php?do=show&formid=278
0,103 - /index.php?do=show&formid=278
0,152 - /index.php?do=show&formid=278
0,159 - /index.php?do=show&formid=278
0,114 - /index.php?do=show&formid=278
0,123 - /index.php?do=show&formid=278
0,125 - /index.php?do=show&formid=278
0,115 - /index.php?do=show&formid=278
0,135 - /index.php?do=show&formid=278
0,120 - /index.php?do=show&formid=278
0,123 - /index.php?do=show&formid=278
0,129 - /index.php?do=show&formid=278
0,144 - /index.php?do=show&formid=278
0,160 - /index.php?do=show&formid=278
0,146 - /index.php?do=show&formid=278
0,159 - /index.php?do=show&formid=278
0,149 - /index.php?do=show&formid=278
0,140 - /index.php?do=show&formid=278
0,124 - /index.php?do=show&formid=278
0,148 - /index.php?do=show&formid=278
0,137 - /index.php?do=show&formid=278
0,152 - /index.php?do=show&formid=278
0,142 - /index.php?do=show&formid=278
0,124 - /index.php?do=show&formid=278
0,136 - /index.php?do=show&formid=278
0,147 - /index.php?do=show&formid=278
1,356 - /index.php?do=show&formid=278
0,145 - /index.php?do=show&formid=278
0,127 - /index.php?do=show&formid=278
0,133 - /index.php?do=show&formid=278
0,133 - /index.php?do=show&formid=278
0,111 - /index.php?do=show&formid=278
0,131 - /index.php?do=show&formid=278
0,158 - /index.php?do=show&formid=278
0,136 - /index.php?do=show&formid=278
0,030 - /
0,229 - /
0,318 - /index.php?do=show&formid=117
0,122 - /index.php?do=show&formid=278
0,153 - /index.php?do=show&formid=278
0,690 - /index.php?do=forms
0,115 - /index.php?do=form&id=258
0,064 - /index.php?do=show&formid=117
0,053 - /index.php?do=show&formid=258
0,066 - /index.php?do=show&formid=258
0,053 - /index.php?do=show&formid=258
0,046 - /index.php?do=show&formid=258
0,047 - /index.php?do=show&formid=258
0,057 - /index.php?do=show&formid=258
0,047 - /index.php?do=show&formid=258
0,054 - /index.php?do=show&formid=258
0,049 - /index.php?do=show&formid=258
0,134 - /index.php?do=show&formid=278
0,136 - /index.php?do=show&formid=278
0,064 - /index.php?do=show&formid=258
0,051 - /index.php?do=show&formid=258
0,045 - /index.php?do=show&formid=258
0,055 - /index.php?do=show&formid=258
0,049 - /index.php?do=show&formid=258
0,051 - /index.php?do=show&formid=258
0,053 - /index.php?do=show&formid=258
0,043 - /index.php?do=show&formid=258
0,062 - /index.php?do=show&formid=258
0,047 - /index.php?do=show&formid=258
0,049 - /index.php?do=show&formid=258
0,050 - /index.php?do=show&formid=258
0,058 - /index.php?do=show&formid=258
0,055 - /index.php?do=show&formid=258
0,070 - /index.php?do=show&formid=258
0,056 - /index.php?do=show&formid=258
0,051 - /index.php?do=show&formid=258
0,045 - /index.php?do=show&formid=258
0,050 - /index.php?do=show&formid=258
0,052 - /index.php?do=show&formid=258
0,051 - /index.php?do=show&formid=258
0,048 - /index.php?do=show&formid=258
0,063 - /index.php?do=show&formid=258
0,059 - /index.php?do=show&formid=258
0,052 - /index.php?do=show&formid=258
0,043 - /index.php?do=show&formid=258
0,055 - /index.php?do=show&formid=258
0,047 - /index.php?do=show&formid=258
0,052 - /index.php?do=show&formid=258
0,046 - /index.php?do=show&formid=258
0,054 - /index.php?do=show&formid=258
0,086 - /index.php?do=show&formid=258
0,046 - /index.php?do=show&formid=258
0,144 - /index.php?do=show&formid=278
0,166 - /index.php?do=show&formid=278
0,185 - /index.php?do=show&formid=278
0,138 - /index.php?do=show&formid=278
0,136 - /index.php?do=show&formid=278
0,145 - /index.php?do=show&formid=278
0,148 - /index.php?do=show&formid=278
0,148 - /index.php?do=show&formid=278
0,168 - /index.php?do=show&formid=278
0,124 - /index.php?do=show&formid=278
0,130 - /index.php?do=show&formid=278
0,126 - /index.php?do=show&formid=278
0,150 - /index.php?do=show&formid=278
0,163 - /index.php?do=show&formid=278
0,167 - /index.php?do=show&formid=278
0,138 - /index.php?do=show&formid=278
0,057 - /index.php?do=show&formid=258
0,148 - /index.php?do=show&formid=278
0,156 - /index.php?do=show&formid=278
0,125 - /index.php?do=show&formid=278
0,154 - /index.php?do=show&formid=278
0,126 - /index.php?do=show&formid=278
0,124 - /index.php?do=show&formid=278
0,168 - /index.php?do=show&formid=278
0,123 - /index.php?do=show&formid=278
0,150 - /index.php?do=show&formid=278
0,163 - /index.php?do=show&formid=278
0,131 - /index.php?do=show&formid=278
0,152 - /index.php?do=show&formid=278
0,127 - /index.php?do=show&formid=278
0,153 - /index.php?do=show&formid=278
0,161 - /index.php?do=show&formid=278
0,152 - /index.php?do=show&formid=278
0,140 - /index.php?do=show&formid=278
0,160 - /index.php?do=show&formid=278
0,139 - /index.php?do=show&formid=278
0,155 - /index.php?do=show&formid=278
0,131 - /index.php?do=show&formid=278
0,140 - /index.php?do=show&formid=278
0,132 - /index.php?do=show&formid=278
0,155 - /index.php?do=show&formid=278
0,149 - /index.php?do=show&formid=278
0,156 - /index.php?do=show&formid=278
0,138 - /index.php?do=show&formid=278
0,131 - /index.php?do=show&formid=278
0,284 - /index.php?do=show&formid=278
0,115 - /index.php?do=show&formid=278
0,125 - /index.php?do=show&formid=278
0,119 - /index.php?do=show&formid=278
0,149 - /index.php?do=show&formid=278
0,117 - /index.php?do=show&formid=278
0,123 - /index.php?do=show&formid=278
0,125 - /index.php?do=show&formid=278
0,135 - /index.php?do=show&formid=278
0,125 - /index.php?do=show&formid=278
0,119 - /index.php?do=show&formid=278
0,126 - /index.php?do=show&formid=278
0,141 - /index.php?do=show&formid=278
0,122 - /index.php?do=show&formid=278
0,129 - /index.php?do=show&formid=278
0,140 - /index.php?do=show&formid=278
0,144 - /index.php?do=show&formid=278
0,109 - /index.php?do=show&formid=278
0,138 - /index.php?do=show&formid=278
0,136 - /index.php?do=show&formid=278
0,137 - /index.php?do=show&formid=278
0,137 - /index.php?do=show&formid=278
0,149 - /index.php?do=show&formid=278
0,144 - /index.php?do=show&formid=278
0,122 - /index.php?do=show&formid=278
0,137 - /index.php?do=show&formid=278
0,144 - /index.php?do=show&formid=278
0,149 - /index.php?do=show&formid=278
0,111 - /index.php?do=show&formid=278
0,136 - /index.php?do=show&formid=278
0,141 - /index.php?do=show&formid=278
0,151 - /index.php?do=show&formid=278
0,120 - /index.php?do=show&formid=278
0,140 - /index.php?do=show&formid=278
0,136 - /index.php?do=show&formid=278
0,125 - /index.php?do=show&formid=278
0,110 - /index.php?do=show&formid=278
0,130 - /index.php?do=show&formid=278
0,147 - /index.php?do=show&formid=278
0,140 - /index.php?do=show&formid=278
0,111 - /index.php?do=show&formid=278
0,115 - /index.php?do=show&formid=278
0,144 - /index.php?do=show&formid=278
0,144 - /index.php?do=show&formid=278
0,121 - /index.php?do=show&formid=278
0,127 - /index.php?do=show&formid=278
0,112 - /index.php?do=show&formid=278
0,130 - /index.php?do=show&formid=278
0,162 - /index.php?do=show&formid=278
0,128 - /index.php?do=show&formid=278
0,141 - /index.php?do=show&formid=278
0,157 - /index.php?do=show&formid=278
0,178 - /index.php?do=show&formid=278
0,162 - /index.php?do=show&formid=278
0,156 - /index.php?do=show&formid=278
0,122 - /index.php?do=show&formid=278
0,171 - /index.php?do=show&formid=278
0,156 - /index.php?do=show&formid=278
0,131 - /index.php?do=show&formid=278
0,138 - /index.php?do=show&formid=278
0,124 - /index.php?do=show&formid=278
0,146 - /index.php?do=show&formid=278
0,131 - /index.php?do=show&formid=278
0,133 - /index.php?do=show&formid=278
0,119 - /index.php?do=show&formid=278
0,175 - /index.php?do=show&formid=278
0,129 - /index.php?do=show&formid=278
0,123 - /index.php?do=show&formid=278
0,163 - /index.php?do=show&formid=278
0,139 - /index.php?do=show&formid=278
0,139 - /index.php?do=show&formid=278
0,136 - /index.php?do=show&formid=278
0,152 - /index.php?do=show&formid=278
0,137 - /index.php?do=show&formid=278
0,140 - /index.php?do=show&formid=278
0,126 - /index.php?do=show&formid=278
0,142 - /index.php?do=show&formid=278
0,146 - /index.php?do=show&formid=278
0,152 - /index.php?do=show&formid=278
0,138 - /index.php?do=show&formid=278
0,142 - /index.php?do=show&formid=278
0,175 - /index.php?do=show&formid=278
0,173 - /index.php?do=show&formid=278
0,145 - /index.php?do=show&formid=278
0,093 - /
0,376 - /index.php?do=show&formid=117
0,081 - /index.php?do=show&formid=117
0,113 - /index.php?do=show&formid=278
0,124 - /index.php?do=show&formid=278
0,100 - /index.php?do=show&formid=278
0,145 - /index.php?do=show&formid=278
1,599 - /index.php?do=show&formid=278
0,181 - /index.php?do=show&formid=278
0,140 - /index.php?do=show&formid=278
0,154 - /index.php?do=show&formid=278
1,448 - /index.php?do=show&formid=278
0,179 - /index.php?do=show&formid=278
0,158 - /index.php?do=show&formid=278
3,090 - /index.php?do=show&formid=278
0,146 - /index.php?do=show&formid=278
0,125 - /index.php?do=show&formid=278
0,149 - /index.php?do=show&formid=278
0,155 - /index.php?do=show&formid=278
0,144 - /index.php?do=show&formid=278
1,606 - /index.php?do=show&formid=278
0,123 - /index.php?do=show&formid=278
0,145 - /index.php?do=show&formid=278
0,153 - /index.php?do=show&formid=278
0,134 - /index.php?do=show&formid=278
0,142 - /index.php?do=show&formid=278
0,123 - /index.php?do=show&formid=278
0,166 - /index.php?do=show&formid=278
0,140 - /index.php?do=show&formid=278
0,162 - /index.php?do=show&formid=278
0,158 - /index.php?do=show&formid=278
0,142 - /index.php?do=show&formid=278
0,132 - /index.php?do=show&formid=278
0,149 - /index.php?do=show&formid=278
0,146 - /index.php?do=show&formid=278
0,147 - /index.php?do=show&formid=278
0,141 - /index.php?do=show&formid=278
0,105 - /index.php?do=show&formid=278
0,125 - /index.php?do=show&formid=278
0,127 - /index.php?do=show&formid=278
0,120 - /index.php?do=show&formid=278
0,123 - /index.php?do=show&formid=278
0,155 - /index.php?do=show&formid=278
0,148 - /index.php?do=show&formid=278
0,162 - /index.php?do=show&formid=278
0,114 - /index.php?do=show&formid=278
0,117 - /index.php?do=show&formid=278
0,123 - /index.php?do=show&formid=278
0,168 - /index.php?do=show&formid=278
0,203 - /index.php?do=show&formid=278
0,132 - /index.php?do=show&formid=278
0,154 - /index.php?do=show&formid=278
0,124 - /index.php?do=show&formid=278
0,124 - /index.php?do=show&formid=278
0,282 - /
0,635 - /index.php?do=show&formid=117
0,140 - /index.php?do=show&formid=278
0,124 - /index.php?do=show&formid=278
0,150 - /index.php?do=show&formid=278
0,135 - /index.php?do=show&formid=278
0,138 - /index.php?do=show&formid=278
1,480 - /index.php?do=show&formid=278
1,552 - /index.php?do=show&formid=278
0,030 - /
0,175 - /index.php?do=show&formid=276
0,762 - /index.php?do=forms
0,140 - /index.php?do=form&id=276
0,052 - /index.php?do=show&formid=276
0,068 - /index.php?do=show&formid=276
0,065 - /index.php?do=show&formid=276
0,059 - /index.php?do=show&formid=276
0,045 - /index.php?do=show&formid=276
0,051 - /index.php?do=show&formid=276
0,050 - /index.php?do=show&formid=276
0,048 - /index.php?do=show&formid=276
0,049 - /index.php?do=show&formid=276
0,054 - /index.php?do=show&formid=276
0,046 - /index.php?do=show&formid=276
0,051 - /index.php?do=show&formid=276
0,047 - /index.php?do=show&formid=276
0,046 - /index.php?do=show&formid=276
0,047 - /index.php?do=show&formid=276
0,047 - /index.php?do=show&formid=276
0,047 - /index.php?do=show&formid=276
0,048 - /index.php?do=show&formid=276
0,053 - /index.php?do=show&formid=276
0,054 - /index.php?do=show&formid=276
0,069 - /index.php?do=show&formid=276
0,056 - /index.php?do=show&formid=276
0,053 - /index.php?do=show&formid=276
0,054 - /index.php?do=show&formid=276
0,051 - /index.php?do=show&formid=276
0,061 - /index.php?do=show&formid=276
0,047 - /index.php?do=show&formid=276
0,046 - /index.php?do=show&formid=276
0,047 - /index.php?do=show&formid=276
0,049 - /index.php?do=show&formid=276
0,047 - /index.php?do=show&formid=276
0,057 - /index.php?do=show&formid=276
0,048 - /index.php?do=show&formid=276
0,060 - /index.php?do=show&formid=276
0,055 - /index.php?do=show&formid=276
0,046 - /index.php?do=show&formid=276
0,058 - /index.php?do=show&formid=276
0,047 - /index.php?do=show&formid=276
0,054 - /index.php?do=show&formid=276
0,057 - /index.php?do=show&formid=276
0,067 - /index.php?do=show&formid=276
0,073 - /index.php?do=show&formid=276
0,046 - /index.php?do=show&formid=276
0,061 - /index.php?do=show&formid=276
0,077 - /index.php?do=show&formid=276
0,065 - /index.php?do=show&formid=276
0,053 - /index.php?do=show&formid=276
0,049 - /index.php?do=show&formid=276
0,060 - /index.php?do=show&formid=276
0,062 - /index.php?do=show&formid=276
0,051 - /index.php?do=show&formid=276
0,076 - /index.php?do=show&formid=276
0,082 - /index.php?do=show&formid=276
0,069 - /index.php?do=show&formid=276
0,049 - /index.php?do=show&formid=276
0,044 - /index.php?do=show&formid=276
1,183 - /index.php?do=show&formid=276
3,676 - /index.php?do=users
0,247 - /index.php
0,424 - /index.php?do=show&formid=117
0,136 - /index.php?do=show&formid=274
0,044 - /index.php?do=show&formid=274
0,056 - /index.php?do=show&formid=274
0,050 - /index.php?do=show&formid=274
0,059 - /index.php?do=show&formid=274
0,042 - /index.php?do=show&formid=274
0,293 - /index.php?do=show&formid=278
0,217 - /index.php?do=show&formid=278
0,183 - /index.php?do=show&formid=278
0,072 - /index.php?do=show&formid=278
0,064 - /index.php?do=show&formid=278
0,058 - /index.php?do=show&formid=278
0,061 - /index.php?do=show&formid=278
0,052 - /index.php?do=show&formid=278
0,061 - /index.php?do=show&formid=278
0,059 - /index.php?do=show&formid=278
0,060 - /index.php?do=show&formid=278
0,064 - /index.php?do=show&formid=278
0,066 - /index.php?do=show&formid=278
1,272 - /index.php?do=show&formid=276
0,708 - /index.php?do=show&formid=43
0,100 - /index.php?do=show&formid=43&open=db_otdel_43_106
0,064 - /index.php?do=show&formid=43&event
0,112 - /index.php?do=show&formid=43&event
0,134 - /index.php?do=show&formid=43&event
0,178 - /index.php?do=show&formid=43&event
0,128 - /index.php?do=show&formid=43&event
0,128 - /index.php?do=show&formid=43&event
0,053 - /index.php?do=show&formid=43&close=db_otdel_43_31
0,069 - /index.php?do=show&formid=43&event
0,123 - /index.php?do=show&formid=43&event
0,019 - /index.php?unlogin
0,148 - /index.php
0,459 - /index.php?do=show&formid=117
0,717 - /index.php?do=forms
0,151 - /index.php?do=form&id=274
0,620 - /index.php?do=forms&event
0,598 - /index.php?do=forms&event
0,988 - /index.php?do=forms&event
0,060 - /index.php?do=form&id=282
0,050 - /index.php?do=form&id=282
0,074 - /index.php?do=show&formid=282
0,094 - /index.php?do=show&formid=282
0,073 - /index.php?do=show&formid=282
0,069 - /index.php?do=show&formid=282
0,064 - /index.php?do=show&formid=282
0,074 - /index.php?do=show&formid=282
0,078 - /index.php?do=show&formid=282
0,049 - /index.php?do=show&formid=282
0,084 - /index.php?do=show&formid=282
0,056 - /index.php?do=show&formid=282
0,072 - /index.php?do=show&formid=282
0,048 - /index.php?do=show&formid=282
0,074 - /index.php?do=show&formid=282
0,058 - /index.php?do=show&formid=282
0,063 - /index.php?do=show&formid=282
0,057 - /index.php?do=show&formid=282
0,073 - /index.php?do=show&formid=282
0,058 - /index.php?do=show&formid=282
0,078 - /index.php?do=show&formid=282
0,055 - /index.php?do=show&formid=282
0,082 - /index.php?do=show&formid=282
0,050 - /index.php?do=show&formid=282
0,075 - /index.php?do=show&formid=282
0,031 - /
0,044 - /index.php
0,060 - /index.php?do=show&formid=117
0,055 - /index.php?do=show&formid=282
0,069 - /index.php?do=show&formid=282
0,639 - /index.php?do=forms
0,041 - /index.php?do=form&id=282
0,072 - /index.php?do=show&formid=282
0,063 - /index.php?do=show&formid=282
0,056 - /index.php?do=show&formid=282
0,060 - /index.php?do=show&formid=282
0,066 - /index.php?do=show&formid=282
0,061 - /index.php?do=show&formid=282
0,072 - /index.php?do=show&formid=282
0,072 - /index.php?do=show&formid=282
0,072 - /index.php?do=show&formid=282
0,058 - /index.php?do=show&formid=282
0,065 - /index.php?do=show&formid=282
0,073 - /index.php?do=show&formid=282
1,902 - /index.php?do=users
0,114 - /index.php
0,178 - /index.php?do=show&formid=117
0,046 - /index.php?do=show&formid=282
0,020 - /index.php?unlogin
0,053 - /index.php
0,050 - /index.php?do=show&formid=117
0,067 - /index.php?do=show&formid=282
2,794 - /index.php?do=show&formid=282
0,115 - /index.php?do=show&formid=282
0,975 - /index.php?do=show&formid=282
1,477 - /index.php
0,845 - /index.php?do=show&formid=117
0,575 - /index.php?do=show&formid=278
0,089 - /index.php?do=show&formid=278
0,067 - /index.php?do=show&formid=278
0,081 - /index.php?do=show&formid=278
0,079 - /index.php?do=show&formid=278
0,064 - /index.php?do=show&formid=278
0,065 - /index.php?do=show&formid=278
0,049 - /index.php?do=show&formid=278
0,053 - /index.php?do=show&formid=278
0,049 - /index.php?do=show&formid=278
0,079 - /index.php?do=show&formid=278
0,074 - /index.php?do=show&formid=278
0,095 - /index.php?do=show&formid=278
0,060 - /index.php?do=show&formid=278
0,059 - /index.php?do=show&formid=278
0,056 - /index.php?do=show&formid=278
0,070 - /index.php?do=show&formid=278
0,064 - /index.php?do=show&formid=278
0,058 - /index.php?do=show&formid=278
0,100 - /index.php?do=show&formid=278
0,057 - /index.php?do=show&formid=278
0,065 - /index.php?do=show&formid=278
1,923 - /index.php?do=users
0,054 - /index.php
0,304 - /index.php?do=show&formid=117
0,061 - /index.php?do=show&formid=278
0,064 - /index.php?do=show&formid=278
0,018 - /index.php?unlogin
0,040 - /index.php
0,066 - /index.php?do=show&formid=117
0,059 - /index.php?do=show&formid=278
0,085 - /index.php?do=show&formid=278
1,834 - /index.php?do=users
0,038 - /index.php
0,071 - /index.php?do=show&formid=117
0,046 - /index.php?do=show&formid=278
0,049 - /index.php?do=show&formid=278
0,059 - /index.php?do=show&formid=278
0,055 - /index.php?do=show&formid=278
0,076 - /index.php?do=show&formid=278
0,079 - /index.php?do=show&formid=278
0,049 - /index.php?do=show&formid=278
0,069 - /index.php?do=show&formid=278
0,084 - /index.php?do=show&formid=278
0,047 - /index.php?do=show&formid=278
0,078 - /index.php?do=show&formid=278
0,060 - /index.php?do=show&formid=278
0,050 - /index.php?do=show&formid=278
0,052 - /index.php?do=show&formid=278
0,053 - /index.php?do=show&formid=278
0,054 - /index.php?do=show&formid=278
0,342 - /index.php?do=show&formid=278
0,159 - /index.php?do=show&formid=278
0,312 - /index.php?do=show&formid=278
0,065 - /index.php?do=show&formid=278
0,188 - /index.php?do=show&formid=278
0,195 - /index.php?do=show&formid=278
0,049 - /index.php?do=show&formid=278
0,054 - /index.php?do=show&formid=278
0,073 - /index.php?do=show&formid=278
0,068 - /index.php?do=show&formid=278
0,087 - /index.php?do=show&formid=278
0,055 - /index.php?do=show&formid=278
0,054 - /index.php?do=show&formid=278
0,047 - /index.php?do=show&formid=278
0,051 - /index.php?do=show&formid=278
0,078 - /index.php?do=show&formid=278
0,062 - /index.php?do=show&formid=278
0,057 - /index.php?do=show&formid=278
0,059 - /index.php?do=show&formid=278
0,055 - /index.php?do=show&formid=278
0,054 - /index.php?do=show&formid=278
0,059 - /index.php?do=show&formid=278
0,056 - /index.php?do=show&formid=278
0,050 - /index.php?do=show&formid=278
0,047 - /index.php?do=show&formid=278
0,057 - /index.php?do=show&formid=278
0,052 - /index.php?do=show&formid=278
0,085 - /index.php?do=show&formid=278
0,054 - /index.php?do=show&formid=278
0,049 - /index.php?do=show&formid=278
0,053 - /index.php?do=show&formid=278
0,052 - /index.php?do=show&formid=278
0,060 - /index.php?do=show&formid=278
0,056 - /index.php?do=show&formid=278
0,058 - /index.php?do=show&formid=278
0,063 - /index.php?do=show&formid=278
0,063 - /index.php?do=show&formid=278
0,072 - /index.php?do=show&formid=278
0,053 - /index.php?do=show&formid=278
0,059 - /index.php?do=show&formid=278
0,048 - /index.php?do=show&formid=278
0,071 - /index.php?do=show&formid=278
0,047 - /index.php?do=show&formid=278
0,063 - /index.php?do=show&formid=278
0,070 - /index.php?do=show&formid=278
0,055 - /index.php?do=show&formid=278
0,062 - /index.php?do=show&formid=278
0,059 - /index.php?do=show&formid=278
0,048 - /index.php?do=show&formid=278
0,057 - /index.php?do=show&formid=278
0,047 - /index.php?do=show&formid=278
0,069 - /index.php?do=show&formid=278
0,046 - /index.php?do=show&formid=278
0,063 - /index.php?do=show&formid=278
0,048 - /index.php?do=show&formid=278
0,065 - /index.php?do=show&formid=278
0,050 - /index.php?do=show&formid=278
0,056 - /index.php?do=show&formid=278
0,051 - /index.php?do=show&formid=278
0,064 - /index.php?do=show&formid=278
0,059 - /index.php?do=show&formid=278
0,083 - /index.php?do=show&formid=278
0,019 - /index.php?unlogin
0,043 - /index.php
0,053 - /index.php?do=show&formid=117
0,065 - /index.php?do=show&formid=278
1,724 - /index.php?do=users
0,038 - /index.php
0,066 - /index.php?do=show&formid=117
0,050 - /index.php?do=show&formid=278
0,073 - /index.php?do=show&formid=278
0,058 - /index.php?do=show&formid=278
0,065 - /index.php?do=show&formid=278
0,081 - /index.php?do=show&formid=278
0,059 - /index.php?do=show&formid=278
0,057 - /index.php?do=show&formid=278
0,054 - /index.php?do=show&formid=278
0,060 - /index.php?do=show&formid=278
0,050 - /index.php?do=show&formid=278
0,050 - /index.php?do=show&formid=278
0,076 - /index.php?do=show&formid=278
0,055 - /index.php?do=show&formid=278
0,058 - /index.php?do=show&formid=278
0,061 - /index.php?do=show&formid=278
0,051 - /index.php?do=show&formid=278
0,067 - /index.php?do=show&formid=278
0,067 - /index.php?do=show&formid=278
0,068 - /index.php?do=show&formid=278
0,048 - /index.php?do=show&formid=278
0,058 - /index.php?do=show&formid=278
0,059 - /index.php?do=show&formid=278
0,058 - /index.php?do=show&formid=278
0,065 - /index.php?do=show&formid=278
0,084 - /index.php?do=show&formid=278
0,053 - /index.php?do=show&formid=278
0,053 - /index.php?do=show&formid=278
0,057 - /index.php?do=show&formid=278
0,063 - /index.php?do=show&formid=278
0,058 - /index.php?do=show&formid=278
0,071 - /index.php?do=show&formid=278
0,049 - /index.php?do=show&formid=278
0,050 - /index.php?do=show&formid=278
0,057 - /index.php?do=show&formid=278
0,054 - /index.php?do=show&formid=278
0,068 - /index.php?do=show&formid=278
0,078 - /index.php?do=show&formid=278
0,051 - /index.php?do=show&formid=278
0,055 - /index.php?do=show&formid=278
0,053 - /index.php?do=show&formid=278
0,083 - /index.php?do=show&formid=278
0,050 - /index.php?do=show&formid=278
0,054 - /index.php?do=show&formid=278
0,058 - /index.php?do=show&formid=278
0,049 - /index.php?do=show&formid=278
0,056 - /index.php?do=show&formid=278
0,078 - /index.php?do=show&formid=278
0,095 - /index.php?do=show&formid=278
0,075 - /index.php?do=show&formid=278
0,063 - /index.php?do=show&formid=278
0,061 - /index.php?do=show&formid=278
0,054 - /index.php?do=show&formid=278
0,075 - /index.php?do=show&formid=278
0,100 - /index.php?do=show&formid=278
0,054 - /index.php?do=show&formid=278
0,063 - /index.php?do=show&formid=278
0,052 - /index.php?do=show&formid=278
0,054 - /index.php?do=show&formid=278
0,061 - /index.php?do=show&formid=278
0,051 - /index.php?do=show&formid=278
0,064 - /index.php?do=show&formid=278
0,062 - /index.php?do=show&formid=278
0,055 - /index.php?do=show&formid=278
0,053 - /index.php?do=show&formid=278
0,074 - /index.php?do=show&formid=278
0,079 - /index.php?do=show&formid=278
0,074 - /index.php?do=show&formid=278
0,068 - /index.php?do=show&formid=278
0,048 - /index.php?do=show&formid=278
0,061 - /index.php?do=show&formid=278
0,057 - /index.php?do=show&formid=278
0,057 - /index.php?do=show&formid=278
0,050 - /index.php?do=show&formid=278
0,045 - /index.php?do=show&formid=278
0,057 - /index.php?do=show&formid=278
0,048 - /index.php?do=show&formid=278
0,056 - /index.php?do=show&formid=278
0,055 - /index.php?do=show&formid=278
0,058 - /index.php?do=show&formid=278
0,048 - /index.php?do=show&formid=278
0,048 - /index.php?do=show&formid=278
0,050 - /index.php?do=show&formid=278
0,084 - /index.php?do=show&formid=278
0,055 - /index.php?do=show&formid=278
0,078 - /index.php?do=show&formid=278
0,062 - /index.php?do=show&formid=278
0,062 - /index.php?do=show&formid=278
0,051 - /index.php?do=show&formid=278
0,082 - /index.php?do=show&formid=278
0,066 - /index.php?do=show&formid=278
0,055 - /index.php?do=show&formid=278
0,063 - /index.php?do=show&formid=278
0,067 - /index.php?do=show&formid=278
0,057 - /index.php?do=show&formid=278
0,057 - /index.php?do=show&formid=278
0,051 - /index.php?do=show&formid=278
0,094 - /index.php?do=show&formid=278
0,050 - /index.php?do=show&formid=278
0,054 - /index.php?do=show&formid=278
0,059 - /index.php?do=show&formid=278
0,050 - /index.php?do=show&formid=278
0,058 - /index.php?do=show&formid=278
0,049 - /index.php?do=show&formid=278
0,076 - /index.php?do=show&formid=278
0,057 - /index.php?do=show&formid=278
0,051 - /index.php?do=show&formid=278
0,061 - /index.php?do=show&formid=278
0,060 - /index.php?do=show&formid=278
0,060 - /index.php?do=show&formid=278
0,057 - /index.php?do=show&formid=278
0,060 - /index.php?do=show&formid=278
0,061 - /index.php?do=show&formid=278
0,065 - /index.php?do=show&formid=278
0,067 - /index.php?do=show&formid=278
0,053 - /index.php?do=show&formid=278
0,054 - /index.php?do=show&formid=278
0,057 - /index.php?do=show&formid=278
0,049 - /index.php?do=show&formid=278
0,055 - /index.php?do=show&formid=278
0,046 - /index.php?do=show&formid=278
0,049 - /index.php?do=show&formid=278
0,060 - /index.php?do=show&formid=278
0,061 - /index.php?do=show&formid=278
0,061 - /index.php?do=show&formid=278
0,065 - /index.php?do=show&formid=278
0,066 - /index.php?do=show&formid=278
0,078 - /index.php?do=show&formid=278
0,085 - /index.php?do=show&formid=278
0,069 - /index.php?do=show&formid=278
0,064 - /index.php?do=show&formid=278
0,052 - /index.php?do=show&formid=278
0,057 - /index.php?do=show&formid=278
0,051 - /index.php?do=show&formid=278
0,058 - /index.php?do=show&formid=278
0,060 - /index.php?do=show&formid=278
0,065 - /index.php?do=show&formid=278
0,051 - /index.php?do=show&formid=278
0,057 - /index.php?do=show&formid=278
0,062 - /index.php?do=show&formid=278
0,055 - /index.php?do=show&formid=278
0,054 - /index.php?do=show&formid=278
0,077 - /index.php?do=show&formid=278
0,061 - /index.php?do=show&formid=278
0,068 - /index.php?do=show&formid=278
0,059 - /index.php?do=show&formid=278
0,047 - /index.php?do=show&formid=278
0,048 - /index.php?do=show&formid=278
0,047 - /index.php?do=show&formid=278
0,079 - /index.php?do=show&formid=278
0,052 - /index.php?do=show&formid=278
0,060 - /index.php?do=show&formid=278
0,061 - /index.php?do=show&formid=278
0,060 - /index.php?do=show&formid=278
0,060 - /index.php?do=show&formid=278
0,061 - /index.php?do=show&formid=278
0,249 - /index.php?do=show&formid=278
0,062 - /index.php?do=show&formid=278
0,070 - /index.php?do=show&formid=278
0,048 - /index.php?do=show&formid=278
0,057 - /index.php?do=show&formid=278
0,057 - /index.php?do=show&formid=278
0,062 - /index.php?do=show&formid=278
0,066 - /index.php?do=show&formid=278
0,065 - /index.php?do=show&formid=278
0,095 - /index.php?do=show&formid=278
0,061 - /index.php?do=show&formid=278
0,062 - /index.php?do=show&formid=278
0,057 - /index.php?do=show&formid=278
0,082 - /index.php?do=show&formid=278
0,057 - /index.php?do=show&formid=278
0,052 - /index.php?do=show&formid=278
0,046 - /index.php?do=show&formid=278
0,049 - /index.php?do=show&formid=278
0,184 - /index.php?do=show&formid=278
0,416 - /index.php?do=show&formid=278
0,245 - /index.php?do=show&formid=278
0,398 - /index.php?do=show&formid=278
0,199 - /index.php?do=show&formid=281
0,236 - /index.php?do=show&formid=278
0,288 - /index.php?do=show&formid=278
0,294 - /index.php?do=show&formid=278
0,045 - /index.php?do=show&formid=278
0,054 - /index.php?do=show&formid=278
0,062 - /index.php?do=show&formid=278
0,070 - /index.php?do=show&formid=278
0,046 - /index.php?do=show&formid=278
0,049 - /index.php?do=show&formid=278
0,052 - /index.php?do=show&formid=278
0,052 - /index.php?do=show&formid=278
0,051 - /index.php?do=show&formid=278
0,059 - /index.php?do=show&formid=278
0,051 - /index.php?do=show&formid=278
0,058 - /index.php?do=show&formid=278
0,056 - /index.php?do=show&formid=278
0,051 - /index.php?do=show&formid=278
0,046 - /index.php?do=show&formid=278
0,059 - /index.php?do=show&formid=278
0,048 - /index.php?do=show&formid=278
0,051 - /index.php?do=show&formid=278
0,054 - /index.php?do=show&formid=278
0,052 - /index.php?do=show&formid=278
0,058 - /index.php?do=show&formid=278
0,061 - /index.php?do=show&formid=278
0,053 - /index.php?do=show&formid=278
0,049 - /index.php?do=show&formid=278
0,046 - /index.php?do=show&formid=278
0,053 - /index.php?do=show&formid=278
0,050 - /index.php?do=show&formid=278
0,059 - /index.php?do=show&formid=278
0,054 - /index.php?do=show&formid=278
0,058 - /index.php?do=show&formid=278
0,072 - /index.php?do=show&formid=278
0,068 - /index.php?do=show&formid=278
0,050 - /index.php?do=show&formid=278
0,074 - /index.php?do=show&formid=278
0,052 - /index.php?do=show&formid=278
0,061 - /index.php?do=show&formid=278
0,051 - /index.php?do=show&formid=278
0,054 - /index.php?do=show&formid=278
0,051 - /index.php?do=show&formid=278
0,065 - /index.php?do=show&formid=278
0,061 - /index.php?do=show&formid=278
0,050 - /index.php?do=show&formid=278
4,511 - /index.php?do=show&formid=278
4,586 - /index.php?do=show&formid=278
0,059 - /index.php?do=show&formid=278
0,050 - /index.php?do=show&formid=278
0,051 - /index.php?do=show&formid=278
0,068 - /index.php?do=show&formid=278
0,061 - /index.php?do=show&formid=278
0,050 - /index.php?do=show&formid=278
0,071 - /index.php?do=show&formid=278
0,061 - /index.php?do=show&formid=278
0,058 - /index.php?do=show&formid=278
0,072 - /index.php?do=show&formid=278
0,049 - /index.php?do=show&formid=278
0,071 - /index.php?do=show&formid=278
0,058 - /index.php?do=show&formid=278
0,203 - /index.php?do=show&formid=278
0,355 - /index.php?do=show&formid=278
0,267 - /index.php?do=show&formid=278
0,061 - /index.php?do=show&formid=278
0,074 - /index.php?do=show&formid=278
0,079 - /index.php?do=show&formid=278
0,083 - /index.php?do=show&formid=278
0,109 - /index.php?do=show&formid=278
0,160 - /index.php?do=show&formid=278
0,138 - /index.php?do=show&formid=278
0,138 - /index.php?do=show&formid=278
0,323 - /index.php?do=show&formid=278
0,387 - /index.php?do=show&formid=278
0,323 - /index.php?do=show&formid=278
0,399 - /index.php?do=show&formid=278
0,400 - /index.php?do=show&formid=278
0,334 - /index.php?do=show&formid=278
0,359 - /index.php?do=show&formid=278
0,365 - /index.php?do=show&formid=278
0,536 - /index.php?do=show&formid=278
0,407 - /index.php?do=show&formid=278
0,416 - /index.php?do=show&formid=278
0,397 - /index.php?do=show&formid=278
0,390 - /index.php?do=show&formid=278
0,378 - /index.php?do=show&formid=278
0,475 - /index.php?do=show&formid=278
0,482 - /index.php?do=show&formid=278
0,469 - /index.php?do=show&formid=278
0,066 - /index.php?do=show&formid=278
0,051 - /index.php?do=show&formid=278
0,051 - /index.php?do=show&formid=278
0,057 - /index.php?do=show&formid=278
0,060 - /index.php?do=show&formid=278
0,057 - /index.php?do=show&formid=278
0,066 - /index.php?do=show&formid=278
0,056 - /index.php?do=show&formid=278
0,053 - /index.php?do=show&formid=278
0,075 - /index.php?do=show&formid=278
0,074 - /index.php?do=show&formid=278
0,057 - /index.php?do=show&formid=278
0,061 - /index.php?do=show&formid=278
0,023 - /
0,044 - /index.php
0,046 - /index.php?do=show&formid=117
0,048 - /index.php?do=show&formid=278
0,046 - /index.php?do=show&formid=278
0,055 - /index.php?do=show&formid=278
0,057 - /index.php?do=show&formid=278
0,070 - /index.php?do=show&formid=278
0,060 - /index.php?do=show&formid=278
0,049 - /index.php?do=show&formid=278
0,057 - /index.php?do=show&formid=278
0,064 - /index.php?do=show&formid=278
0,055 - /index.php?do=show&formid=278
0,058 - /index.php?do=show&formid=278
0,051 - /index.php?do=show&formid=278
0,063 - /index.php?do=show&formid=278
0,056 - /index.php?do=show&formid=278
0,071 - /index.php?do=show&formid=278
0,064 - /index.php?do=show&formid=278
0,075 - /index.php?do=show&formid=278
0,047 - /index.php?do=show&formid=278
0,077 - /index.php?do=show&formid=278
0,055 - /index.php?do=show&formid=278
0,053 - /index.php?do=show&formid=278
0,053 - /index.php?do=show&formid=278
0,051 - /index.php?do=show&formid=278
0,047 - /index.php?do=show&formid=278
0,081 - /index.php?do=show&formid=278
0,047 - /index.php?do=show&formid=278
0,049 - /index.php?do=show&formid=278
0,066 - /index.php?do=show&formid=278
0,051 - /index.php?do=show&formid=278
0,065 - /index.php?do=show&formid=278
0,065 - /index.php?do=show&formid=278
0,082 - /index.php?do=show&formid=278
0,072 - /index.php?do=show&formid=278
0,076 - /index.php?do=show&formid=278
0,071 - /index.php?do=show&formid=278
0,082 - /index.php?do=show&formid=278
0,069 - /index.php?do=show&formid=278
0,069 - /index.php?do=show&formid=278
0,060 - /index.php?do=show&formid=278
0,055 - /index.php?do=show&formid=278
0,059 - /index.php?do=show&formid=278
0,051 - /index.php?do=show&formid=278
0,052 - /index.php?do=show&formid=278
0,069 - /index.php?do=show&formid=278
0,048 - /index.php?do=show&formid=278
0,062 - /index.php?do=show&formid=278
0,056 - /index.php?do=show&formid=278
0,062 - /index.php?do=show&formid=278
0,076 - /index.php?do=show&formid=278
0,056 - /index.php?do=show&formid=278
0,081 - /index.php?do=show&formid=278
0,053 - /index.php?do=show&formid=278
0,049 - /index.php?do=show&formid=278
0,055 - /index.php?do=show&formid=278
0,049 - /index.php?do=show&formid=278
0,047 - /index.php?do=show&formid=278
0,063 - /index.php?do=show&formid=278
0,048 - /index.php?do=show&formid=278
0,060 - /index.php?do=show&formid=278
0,055 - /index.php?do=show&formid=278
0,070 - /index.php?do=show&formid=278
0,061 - /index.php?do=show&formid=278
0,062 - /index.php?do=show&formid=278
0,057 - /index.php?do=show&formid=278
0,051 - /index.php?do=show&formid=278
0,059 - /index.php?do=show&formid=278
0,050 - /index.php?do=show&formid=278
0,069 - /index.php?do=show&formid=278
0,078 - /index.php?do=show&formid=278
0,054 - /index.php?do=show&formid=278
0,064 - /index.php?do=show&formid=278
0,055 - /index.php?do=show&formid=278
0,070 - /index.php?do=show&formid=278
0,056 - /index.php?do=show&formid=278
0,065 - /index.php?do=show&formid=278
0,089 - /index.php?do=show&formid=278
0,059 - /index.php?do=show&formid=278
0,064 - /index.php?do=show&formid=278
0,062 - /index.php?do=show&formid=278
0,058 - /index.php?do=show&formid=278
0,061 - /index.php?do=show&formid=278
0,050 - /index.php?do=show&formid=278
0,069 - /index.php?do=show&formid=278
0,060 - /index.php?do=show&formid=278
0,066 - /index.php?do=show&formid=278
0,048 - /index.php?do=show&formid=278
0,071 - /index.php?do=show&formid=278
0,063 - /index.php?do=show&formid=278
0,070 - /index.php?do=show&formid=278
0,050 - /index.php?do=show&formid=278
0,076 - /index.php?do=show&formid=278
0,054 - /index.php?do=show&formid=278
0,049 - /index.php?do=show&formid=278
0,046 - /index.php?do=show&formid=278
0,057 - /index.php?do=show&formid=278
0,074 - /index.php?do=show&formid=278
0,057 - /index.php?do=show&formid=278
0,055 - /index.php?do=show&formid=278
0,064 - /index.php?do=show&formid=278
0,055 - /index.php?do=show&formid=278
0,055 - /index.php?do=show&formid=278
0,060 - /index.php?do=show&formid=278
0,051 - /index.php?do=show&formid=278
0,070 - /index.php?do=show&formid=278
0,056 - /index.php?do=show&formid=278
0,050 - /index.php?do=show&formid=278
0,086 - /index.php?do=show&formid=278
0,071 - /index.php?do=show&formid=278
0,057 - /index.php?do=show&formid=278
0,078 - /index.php?do=show&formid=278
0,050 - /index.php?do=show&formid=278
0,069 - /index.php?do=show&formid=278
0,053 - /index.php?do=show&formid=278
0,057 - /index.php?do=show&formid=278
0,055 - /index.php?do=show&formid=278
0,052 - /index.php?do=show&formid=278
0,047 - /index.php?do=show&formid=278
0,063 - /index.php?do=show&formid=278
0,055 - /index.php?do=show&formid=278
0,054 - /index.php?do=show&formid=278
0,064 - /index.php?do=show&formid=278
0,049 - /index.php?do=show&formid=278
0,061 - /index.php?do=show&formid=278
0,054 - /index.php?do=show&formid=278
0,050 - /index.php?do=show&formid=278
0,062 - /index.php?do=show&formid=278
0,063 - /index.php?do=show&formid=278
0,071 - /index.php?do=show&formid=278
0,052 - /index.php?do=show&formid=278
0,061 - /index.php?do=show&formid=278
0,056 - /index.php?do=show&formid=278
0,056 - /index.php?do=show&formid=278
0,058 - /index.php?do=show&formid=278
0,065 - /index.php?do=show&formid=278
0,070 - /index.php?do=show&formid=278
0,078 - /index.php?do=show&formid=278
0,051 - /index.php?do=show&formid=278
0,062 - /index.php?do=show&formid=278
0,063 - /index.php?do=show&formid=278
0,068 - /index.php?do=show&formid=278
0,067 - /index.php?do=show&formid=278
0,063 - /index.php?do=show&formid=278
0,057 - /index.php?do=show&formid=278
0,063 - /index.php?do=show&formid=278
0,068 - /index.php?do=show&formid=278
0,057 - /index.php?do=show&formid=278
0,069 - /index.php?do=show&formid=278
0,063 - /index.php?do=show&formid=278
0,064 - /index.php?do=show&formid=278
0,051 - /index.php?do=show&formid=278
0,049 - /index.php?do=show&formid=278
0,050 - /index.php?do=show&formid=278
0,050 - /index.php?do=show&formid=278
0,076 - /index.php?do=show&formid=278
0,078 - /index.php?do=show&formid=278
0,055 - /index.php?do=show&formid=278
0,061 - /index.php?do=show&formid=278
0,061 - /index.php?do=show&formid=278
0,078 - /index.php?do=show&formid=278
0,080 - /index.php?do=show&formid=278
0,092 - /index.php?do=show&formid=278
0,169 - /index.php?unlogin
0,176 - /index.php
0,277 - /index.php?do=show&formid=117
0,740 - /index.php?do=forms
0,587 - /index.php?do=forms&event
0,105 - /index.php?do=form&id=283
0,056 - /index.php?do=form&id=283
0,120 - /index.php?do=show&formid=283
0,056 - /index.php?do=show&formid=283
0,053 - /index.php?do=show&formid=283
0,046 - /index.php?do=show&formid=283
0,077 - /index.php?do=show&formid=283
0,045 - /index.php?do=show&formid=283
0,076 - /index.php?do=show&formid=283
0,046 - /index.php?do=show&formid=283
0,048 - /index.php?do=show&formid=283
0,081 - /index.php?do=show&formid=283
0,065 - /index.php?do=show&formid=283
0,076 - /index.php?do=show&formid=283
0,062 - /index.php?do=show&formid=283
0,047 - /index.php?do=show&formid=283
0,062 - /index.php?do=show&formid=283
0,043 - /index.php?do=show&formid=283
0,054 - /index.php?do=show&formid=283
0,075 - /index.php?do=show&formid=283
0,044 - /index.php?do=show&formid=283
0,068 - /index.php?do=show&formid=283
0,047 - /index.php?do=show&formid=283
0,077 - /index.php?do=show&formid=283
0,079 - /index.php?do=show&formid=283
0,060 - /index.php?do=show&formid=283
0,241 - /index.php?do=show&formid=283
0,101 - /index.php?do=show&formid=283
0,068 - /index.php?do=show&formid=283
0,052 - /index.php?do=show&formid=283
0,047 - /index.php?do=show&formid=283
0,075 - /index.php?do=show&formid=283
0,054 - /index.php?do=show&formid=283
0,046 - /index.php?do=show&formid=283
0,091 - /index.php?do=show&formid=283
0,082 - /index.php?do=show&formid=283
0,060 - /index.php?do=show&formid=283
0,068 - /index.php?do=show&formid=283
0,085 - /index.php?do=show&formid=283
0,049 - /index.php?do=show&formid=283
0,049 - /index.php?do=show&formid=283
0,048 - /index.php?do=show&formid=283
0,069 - /index.php?do=show&formid=283
0,052 - /index.php?do=show&formid=283
0,049 - /index.php?do=show&formid=283
0,074 - /index.php?do=show&formid=283
0,079 - /index.php?do=show&formid=283
0,044 - /index.php?do=show&formid=283
0,051 - /index.php?do=show&formid=283
0,067 - /index.php?do=show&formid=283
0,066 - /index.php?do=show&formid=283
0,047 - /index.php?do=show&formid=283
0,073 - /index.php?do=show&formid=283
0,048 - /index.php?do=show&formid=283
0,072 - /index.php?do=show&formid=283
0,050 - /index.php?do=show&formid=283
0,059 - /index.php?do=show&formid=283
0,074 - /index.php?do=show&formid=283
0,078 - /index.php?do=show&formid=283
0,080 - /index.php?do=show&formid=283
0,068 - /index.php?do=show&formid=283
0,049 - /index.php?do=show&formid=283
0,059 - /index.php?do=show&formid=283
0,044 - /index.php?do=show&formid=283
0,044 - /index.php?do=show&formid=283
0,058 - /index.php?do=show&formid=283
0,057 - /index.php?do=show&formid=283
0,051 - /index.php?do=show&formid=283
1,154 - /index.php?do=show&formid=283
0,210 - /index.php?do=show&formid=283
0,222 - /index.php?do=show&formid=283
0,225 - /index.php?do=show&formid=283
1,694 - /index.php?do=show&formid=283
0,045 - /index.php?do=show&formid=274
0,080 - /index.php?do=show&formid=276
0,297 - /index.php?do=show&formid=283
0,412 - /index.php?do=show&formid=283
0,320 - /index.php?do=show&formid=283
0,271 - /index.php?do=show&formid=283
0,409 - /index.php?do=show&formid=283
1,800 - /index.php?do=show&formid=283
0,369 - /index.php?do=show&formid=283
0,368 - /index.php?do=show&formid=283
0,360 - /index.php?do=show&formid=283
0,323 - /index.php?do=show&formid=283
0,309 - /index.php?do=show&formid=283
0,332 - /index.php?do=show&formid=283
0,362 - /index.php?do=show&formid=283
1,723 - /index.php?do=show&formid=283
0,332 - /index.php?do=show&formid=283
0,313 - /index.php?do=show&formid=283
0,325 - /index.php?do=show&formid=283
0,406 - /index.php?do=show&formid=283
2,774 - /index.php?do=show&formid=283
3,106 - /index.php?do=show&formid=283
2,563 - /index.php?do=show&formid=283
0,300 - /index.php?do=show&formid=283
0,329 - /index.php?do=show&formid=283
0,307 - /index.php?do=show&formid=283
0,319 - /index.php?do=show&formid=283
0,306 - /index.php?do=show&formid=283
1,798 - /index.php?do=show&formid=283
1,762 - /index.php?do=show&formid=283
1,913 - /index.php?do=show&formid=283
1,870 - /index.php?do=show&formid=283
1,997 - /index.php?do=show&formid=283
2,170 - /index.php?do=show&formid=283
1,907 - /index.php?do=show&formid=283
1,954 - /index.php?do=show&formid=283
0,324 - /index.php?do=show&formid=283
0,341 - /index.php?do=show&formid=283
0,336 - /index.php?do=show&formid=283
0,365 - /index.php?do=show&formid=283
0,357 - /index.php?do=show&formid=283
0,377 - /index.php?do=show&formid=283
0,366 - /index.php?do=show&formid=283
0,371 - /index.php?do=show&formid=283
30,370 - /index.php?do=show&formid=283
29,390 - /index.php?do=show&formid=283
0,350 - /index.php?do=show&formid=283
31,658 - /index.php?do=show&formid=283
29,513 - /index.php?do=show&formid=283
29,868 - /index.php?do=show&formid=283
30,391 - /index.php?do=show&formid=283
30,492 - /index.php?do=show&formid=283
30,167 - /index.php?do=show&formid=283
30,908 - /index.php?do=show&formid=283
30,810 - /index.php?do=show&formid=283
30,740 - /index.php?do=show&formid=283
0,344 - /index.php?do=show&formid=283
0,355 - /index.php?do=show&formid=283
0,364 - /index.php?do=show&formid=283
0,345 - /index.php?do=show&formid=283
0,340 - /index.php?do=show&formid=283
0,375 - /index.php?do=show&formid=283
0,355 - /index.php?do=show&formid=283
0,356 - /index.php?do=show&formid=283
0,337 - /index.php?do=show&formid=283
0,337 - /index.php?do=show&formid=283
0,364 - /index.php?do=show&formid=283
0,350 - /index.php?do=show&formid=283
0,398 - /index.php?do=show&formid=283
0,408 - /index.php?do=show&formid=283
0,415 - /index.php?do=show&formid=283
0,390 - /index.php?do=show&formid=283
0,328 - /index.php?do=show&formid=283
0,340 - /index.php?do=show&formid=283
0,358 - /index.php?do=show&formid=283
0,309 - /index.php?do=show&formid=283
0,315 - /index.php?do=show&formid=283
0,327 - /index.php?do=show&formid=283
0,327 - /index.php?do=show&formid=283
0,320 - /index.php?do=show&formid=283
0,144 - /index.php?do=show&formid=283
0,160 - /index.php?do=show&formid=283
0,159 - /index.php?do=show&formid=283
0,161 - /index.php?do=show&formid=283
0,158 - /index.php?do=show&formid=283
0,155 - /index.php?do=show&formid=283
0,167 - /index.php?do=show&formid=283
0,170 - /index.php?do=show&formid=283
0,167 - /index.php?do=show&formid=283
0,167 - /index.php?do=show&formid=283
0,161 - /index.php?do=show&formid=283
0,150 - /index.php?do=show&formid=283
0,178 - /index.php?do=show&formid=283
0,168 - /index.php?do=show&formid=283
0,151 - /index.php?do=show&formid=283
0,161 - /index.php?do=show&formid=283
0,161 - /index.php?do=show&formid=283
0,149 - /index.php?do=show&formid=283
0,160 - /index.php?do=show&formid=283
0,151 - /index.php?do=show&formid=283
0,204 - /index.php?do=show&formid=283
0,099 - /?XDEBUG_SESSION_START=17713
0,147 - /index.php?do=show&formid=117
0,200 - /index.php?do=show&formid=283
0,081 - /?XDEBUG_SESSION_START=10364
0,077 - /index.php?do=show&formid=117
5,483 - /index.php?do=show&formid=283
0,210 - /index.php?do=show&formid=283
0,222 - /index.php?do=show&formid=283
0,868 - /index.php?do=users
0,047 - /
0,055 - /index.php?do=show&formid=117
0,172 - /index.php?do=show&formid=283
0,052 - /?XDEBUG_SESSION_START=17183
0,062 - /index.php?do=show&formid=117
0,062 - /
0,060 - /index.php?do=show&formid=117
0,061 - /?XDEBUG_SESSION_START=17325
0,065 - /index.php?do=show&formid=117
0,061 - /index.php?do=show&formid=282
0,049 - /?XDEBUG_SESSION_START=13817
0,063 - /index.php?do=show&formid=117
0,089 - /?XDEBUG_SESSION_START=18180
0,059 - /index.php?do=show&formid=117
0,060 - /?XDEBUG_SESSION_START=18737
0,061 - /index.php?do=show&formid=117
5,751 - /?XDEBUG_SESSION_START=10532
0,063 - /index.php?do=show&formid=117
0,056 - /?XDEBUG_SESSION_START=13884
0,061 - /index.php?do=show&formid=117
9,048 - /?XDEBUG_SESSION_START=14125
0,187 - /index.php?do=show&formid=117
0,182 - /index.php?do=show&formid=283
0,176 - /index.php?do=show&formid=283
0,052 - /?XDEBUG_SESSION_START=16279
0,101 - /index.php?do=show&formid=117
0,125 - /?XDEBUG_SESSION_START=14100
0,050 - /index.php?do=show&formid=117
0,067 - /?XDEBUG_SESSION_START=19107
0,069 - /index.php?do=show&formid=117
0,186 - /index.php?do=show&formid=283
0,056 - /?XDEBUG_SESSION_START=18990
0,064 - /index.php?do=show&formid=117
0,160 - /index.php?do=show&formid=283
0,067 - /?XDEBUG_SESSION_START=16785
0,064 - /index.php?do=show&formid=117
19,910 - /index.php?do=show&formid=283
73,144 - /index.php?do=show&formid=283
0,161 - /index.php?do=show&formid=283
0,169 - /index.php?do=show&formid=283
0,156 - /index.php?do=show&formid=283
0,157 - /index.php?do=show&formid=283
0,171 - /index.php?do=show&formid=283
0,149 - /index.php?do=show&formid=283
0,163 - /index.php?do=show&formid=283
0,356 - /index.php?do=show&formid=283
0,349 - /index.php?do=show&formid=283
0,343 - /index.php?do=show&formid=283
0,347 - /index.php?do=show&formid=283
0,338 - /index.php?do=show&formid=283
0,057 - /index.php?do=show&formid=283
0,077 - /index.php?do=show&formid=283
0,058 - /index.php?do=show&formid=283
0,344 - /index.php?do=show&formid=283
0,072 - /index.php?do=show&formid=283
0,061 - /index.php?do=show&formid=283
0,062 - /index.php?do=show&formid=283
0,360 - /index.php?do=show&formid=283
0,359 - /index.php?do=show&formid=283
0,045 - /index.php?do=show&formid=283
0,070 - /index.php?do=show&formid=283
0,050 - /index.php?do=show&formid=283
0,048 - /index.php?do=show&formid=283
0,047 - /index.php?do=show&formid=283
0,083 - /index.php?do=show&formid=283
0,368 - /index.php?do=show&formid=283
0,346 - /index.php?do=show&formid=283
0,363 - /index.php?do=show&formid=283
0,347 - /index.php?do=show&formid=283
0,496 - /index.php?do=show&formid=283
0,348 - /index.php?do=show&formid=283
0,342 - /index.php?do=show&formid=283
0,345 - /index.php?do=show&formid=283
0,348 - /index.php?do=show&formid=283
0,365 - /index.php?do=show&formid=283
0,340 - /index.php?do=show&formid=283
0,335 - /index.php?do=show&formid=283
0,371 - /index.php?do=show&formid=283
0,341 - /index.php?do=show&formid=283
0,352 - /index.php?do=show&formid=283
0,356 - /index.php?do=show&formid=283
0,348 - /index.php?do=show&formid=283
0,364 - /index.php?do=show&formid=283
0,370 - /index.php?do=show&formid=283
0,351 - /index.php?do=show&formid=283
0,339 - /index.php?do=show&formid=283
0,343 - /index.php?do=show&formid=283
0,359 - /index.php?do=show&formid=283
0,357 - /index.php?do=show&formid=283
0,358 - /index.php?do=show&formid=283
0,349 - /index.php?do=show&formid=283
0,345 - /index.php?do=show&formid=283
0,354 - /index.php?do=show&formid=283
0,360 - /index.php?do=show&formid=283
0,355 - /index.php?do=show&formid=283
0,338 - /index.php?do=show&formid=283
0,350 - /index.php?do=show&formid=283
0,353 - /index.php?do=show&formid=283
0,344 - /index.php?do=show&formid=283
0,354 - /index.php?do=show&formid=283
0,351 - /index.php?do=show&formid=283
0,353 - /index.php?do=show&formid=283
0,365 - /index.php?do=show&formid=283
0,374 - /index.php?do=show&formid=283
0,350 - /index.php?do=show&formid=283
0,348 - /index.php?do=show&formid=283
0,346 - /index.php?do=show&formid=283
0,351 - /index.php?do=show&formid=283
0,340 - /index.php?do=show&formid=283
0,360 - /index.php?do=show&formid=283
0,367 - /index.php?do=show&formid=283
0,338 - /index.php?do=show&formid=283
0,350 - /index.php?do=show&formid=283
0,378 - /index.php?do=show&formid=283
0,352 - /index.php?do=show&formid=283
0,046 - /index.php?do=show&formid=276
0,348 - /index.php?do=show&formid=283
0,363 - /index.php?do=show&formid=283
0,367 - /index.php?do=show&formid=283
0,354 - /index.php?do=show&formid=283
0,360 - /index.php?do=show&formid=283
0,372 - /index.php?do=show&formid=283
0,345 - /index.php?do=show&formid=283
0,360 - /index.php?do=show&formid=283
0,359 - /index.php?do=show&formid=283
0,339 - /index.php?do=show&formid=283
0,339 - /index.php?do=show&formid=283
0,346 - /index.php?do=show&formid=283
0,349 - /index.php?do=show&formid=283
0,351 - /index.php?do=show&formid=283
0,018 - /
0,042 - /index.php
0,049 - /index.php?do=show&formid=117
0,322 - /index.php?do=show&formid=283
0,349 - /index.php?do=show&formid=283
0,346 - /index.php?do=show&formid=283
0,291 - /index.php?do=show&formid=283
0,305 - /index.php?do=show&formid=283
1,494 - /index.php?do=show&formid=283
0,135 - /index.php?do=show&formid=283
0,351 - /index.php?do=show&formid=283
0,346 - /index.php?do=show&formid=283
0,360 - /index.php?do=show&formid=283
0,383 - /index.php?do=show&formid=283
0,367 - /index.php?do=show&formid=283
0,367 - /index.php?do=show&formid=283
0,356 - /index.php?do=show&formid=283
0,346 - /index.php?do=show&formid=283
0,362 - /index.php?do=show&formid=283
0,373 - /index.php?do=show&formid=283
0,362 - /index.php?do=show&formid=283
0,364 - /index.php?do=show&formid=283
0,359 - /index.php?do=show&formid=283
0,358 - /index.php?do=show&formid=283
0,364 - /index.php?do=show&formid=283
0,359 - /index.php?do=show&formid=283
0,351 - /index.php?do=show&formid=283
0,372 - /index.php?do=show&formid=283
0,343 - /index.php?do=show&formid=283
0,335 - /index.php?do=show&formid=283
0,354 - /index.php?do=show&formid=283
0,357 - /index.php?do=show&formid=283
0,353 - /index.php?do=show&formid=283
0,355 - /index.php?do=show&formid=283
0,345 - /index.php?do=show&formid=283
0,358 - /index.php?do=show&formid=283
0,380 - /index.php?do=show&formid=283
0,347 - /index.php?do=show&formid=283
0,357 - /index.php?do=show&formid=283
0,353 - /index.php?do=show&formid=283
0,348 - /index.php?do=show&formid=283
0,346 - /index.php?do=show&formid=283
0,361 - /index.php?do=show&formid=283
0,376 - /index.php?do=show&formid=283
0,359 - /index.php?do=show&formid=283
0,349 - /index.php?do=show&formid=283
0,371 - /index.php?do=show&formid=283
0,357 - /index.php?do=show&formid=283
0,388 - /index.php?do=show&formid=283
0,393 - /index.php?do=show&formid=283
0,379 - /index.php?do=show&formid=283
0,363 - /index.php?do=show&formid=283
0,354 - /index.php?do=show&formid=283
0,365 - /index.php?do=show&formid=283
0,358 - /index.php?do=show&formid=283
0,395 - /index.php?do=show&formid=283
0,385 - /index.php?do=show&formid=283
0,387 - /index.php?do=show&formid=283
0,364 - /index.php?do=show&formid=283
0,375 - /index.php?do=show&formid=283
0,375 - /index.php?do=show&formid=283
0,356 - /index.php?do=show&formid=283
0,392 - /index.php?do=show&formid=283
0,389 - /index.php?do=show&formid=283
0,377 - /index.php?do=show&formid=283
0,380 - /index.php?do=show&formid=283
0,042 - /
0,055 - /index.php?do=show&formid=117
0,374 - /index.php?do=show&formid=283
0,382 - /index.php?do=show&formid=283
0,351 - /index.php?do=show&formid=283
0,369 - /index.php?do=show&formid=283
0,383 - /index.php?do=show&formid=283
0,376 - /index.php?do=show&formid=283
0,364 - /index.php?do=show&formid=283
0,389 - /index.php?do=show&formid=283
0,898 - /index.php?do=users
0,065 - /index.php?do=show&formid=278
0,040 - /index.php?do=show&formid=258
0,041 - /index.php?do=show&formid=258
0,055 - /index.php?do=show&formid=258
0,037 - /
0,043 - /index.php?do=show&formid=117
0,041 - /index.php?do=show&formid=258
0,054 - /index.php?do=show&formid=258
0,056 - /index.php?do=show&formid=258
0,023 - /index.php?do=show&formid=258
0,058 - /index.php
0,064 - /index.php?do=show&formid=117
0,055 - /index.php?do=show&formid=258
0,383 - /index.php?do=show&formid=283
0,040 - /index.php?do=show&formid=258
0,045 - /index.php?do=show&formid=258
0,042 - /index.php?do=show&formid=258
0,371 - /index.php?do=show&formid=283
0,020 - /index.php?do=show&formid=258
0,043 - /index.php?do=show&formid=258
0,046 - /index.php?do=show&formid=258
0,039 - /index.php?do=show&formid=258
0,037 - /index.php?do=show&formid=258
0,042 - /index.php?do=show&formid=258
0,385 - /index.php?do=show&formid=283
0,365 - /index.php?do=show&formid=283
0,374 - /index.php?do=show&formid=283
0,390 - /index.php?do=show&formid=283
0,402 - /index.php?do=show&formid=283
0,377 - /index.php?do=show&formid=283
0,372 - /index.php?do=show&formid=283
0,380 - /index.php?do=show&formid=283
0,361 - /index.php?do=show&formid=283
0,361 - /index.php?do=show&formid=283
0,365 - /index.php?do=show&formid=283
0,368 - /index.php?do=show&formid=283
0,385 - /index.php?do=show&formid=283
0,383 - /index.php?do=show&formid=283
0,404 - /index.php?do=show&formid=283
0,453 - /index.php?do=show&formid=283
0,372 - /index.php?do=show&formid=283
0,392 - /index.php?do=show&formid=283
0,374 - /index.php?do=show&formid=283
0,412 - /index.php?do=show&formid=283
0,382 - /index.php?do=show&formid=283
0,384 - /index.php?do=show&formid=283
0,386 - /index.php?do=show&formid=283
0,397 - /index.php?do=show&formid=283
0,372 - /index.php?do=show&formid=283
0,367 - /index.php?do=show&formid=283
0,398 - /index.php?do=show&formid=283
0,084 - /index.php?do=show&formid=274
0,385 - /index.php?do=show&formid=283
0,378 - /index.php?do=show&formid=283
0,374 - /index.php?do=show&formid=283
0,375 - /index.php?do=show&formid=283
0,371 - /index.php?do=show&formid=283
0,397 - /index.php?do=show&formid=283
0,401 - /index.php?do=show&formid=283
0,420 - /index.php?do=show&formid=283
0,416 - /index.php?do=show&formid=283
0,370 - /index.php?do=show&formid=283
0,371 - /index.php?do=show&formid=283
0,403 - /index.php?do=show&formid=283
0,360 - /index.php?do=show&formid=283
0,393 - /index.php?do=show&formid=283
0,406 - /index.php?do=show&formid=283
0,366 - /index.php?do=show&formid=283
0,391 - /index.php?do=show&formid=283
0,372 - /index.php?do=show&formid=283
0,396 - /index.php?do=show&formid=283
0,363 - /index.php?do=show&formid=283
0,374 - /index.php?do=show&formid=283
0,383 - /index.php?do=show&formid=283
0,380 - /index.php?do=show&formid=283
0,374 - /index.php?do=show&formid=283
0,380 - /index.php?do=show&formid=283
0,389 - /index.php?do=show&formid=283
0,388 - /index.php?do=show&formid=283
0,380 - /index.php?do=show&formid=283
0,370 - /index.php?do=show&formid=283
0,402 - /index.php?do=show&formid=283
0,372 - /index.php?do=show&formid=283
0,391 - /index.php?do=show&formid=283
0,383 - /index.php?do=show&formid=283
0,399 - /index.php?do=show&formid=283
0,370 - /index.php?do=show&formid=283
0,383 - /index.php?do=show&formid=283
0,392 - /index.php?do=show&formid=283
0,367 - /index.php?do=show&formid=283
0,369 - /index.php?do=show&formid=283
0,361 - /index.php?do=show&formid=283
0,355 - /index.php?do=show&formid=283
0,366 - /index.php?do=show&formid=283
0,359 - /index.php?do=show&formid=283
0,375 - /index.php?do=show&formid=283
0,365 - /index.php?do=show&formid=283
0,364 - /index.php?do=show&formid=283
0,318 - /index.php?do=show&formid=283
0,367 - /index.php?do=show&formid=283
0,368 - /index.php?do=show&formid=283
0,387 - /index.php?do=show&formid=283
0,357 - /index.php?do=show&formid=283
0,347 - /index.php?do=show&formid=283
0,356 - /index.php?do=show&formid=283
0,357 - /index.php?do=show&formid=283
0,344 - /index.php?do=show&formid=283
0,379 - /index.php?do=show&formid=283
0,379 - /index.php?do=show&formid=283
0,429 - /index.php?do=show&formid=283
0,385 - /index.php?do=show&formid=283
0,385 - /index.php?do=show&formid=283
0,377 - /index.php?do=show&formid=283
0,370 - /index.php?do=show&formid=283
0,376 - /index.php?do=show&formid=283
0,395 - /index.php?do=show&formid=283
0,384 - /index.php?do=show&formid=283
0,379 - /index.php?do=show&formid=283
0,391 - /index.php?do=show&formid=283
0,399 - /index.php?do=show&formid=283
0,366 - /index.php?do=show&formid=283
0,053 - /index.php?do=show&formid=282
0,833 - /index.php?do=users
0,086 - /index.php
0,105 - /index.php?do=show&formid=117
0,049 - /index.php?do=show&formid=282
0,400 - /index.php?do=show&formid=283
0,337 - /index.php?do=show&formid=283
0,017 - /
0,039 - /index.php
0,043 - /index.php?do=show&formid=117
0,333 - /index.php?do=show&formid=283
0,043 - /index.php?do=show&formid=282
0,440 - /index.php?do=show&formid=52&id=47726
0,071 - /index.php?do=show&formid=52&id=47726
0,068 - /index.php?do=show&formid=52&id=47726
0,069 - /index.php?do=show&formid=52&id=47726
0,661 - /index.php?do=show&formid=283
0,354 - /index.php?do=show&formid=283
0,403 - /index.php?do=show&formid=283
0,376 - /index.php?do=show&formid=283
0,385 - /index.php?do=show&formid=283
0,382 - /index.php?do=show&formid=283
0,350 - /index.php?do=show&formid=283
0,066 - /index.php?do=show&formid=283
0,057 - /index.php?do=show&formid=283
0,088 - /index.php?do=show&formid=283
0,055 - /index.php?do=show&formid=283
0,062 - /index.php?do=show&formid=283
0,056 - /index.php?do=show&formid=283
0,057 - /index.php?do=show&formid=283
0,058 - /index.php?do=show&formid=283
0,072 - /index.php?do=show&formid=283
0,072 - /index.php?do=show&formid=283
0,060 - /index.php?do=show&formid=283
2,706 - /index.php?do=show&formid=282
2,828 - /index.php?do=show&formid=283
0,121 - /index.php?do=show&formid=282
0,049 - /index.php?do=show&formid=283
0,044 - /index.php?do=show&formid=283
0,069 - /index.php?do=show&formid=283
0,070 - /index.php?do=show&formid=283
0,062 - /index.php?do=show&formid=283
0,044 - /index.php?do=show&formid=283
0,044 - /index.php?do=show&formid=283
0,041 - /index.php?do=show&formid=283
0,045 - /index.php?do=show&formid=283
0,051 - /index.php?do=show&formid=283
0,042 - /index.php?do=show&formid=283
0,041 - /index.php?do=show&formid=283
0,056 - /index.php?do=show&formid=283
0,042 - /index.php?do=show&formid=283
1,684 - /index.php?do=show&formid=283
0,356 - /index.php?do=show&formid=283
0,337 - /index.php?do=show&formid=283
0,354 - /index.php?do=show&formid=283
0,348 - /index.php?do=show&formid=283
0,340 - /index.php?do=show&formid=283
0,045 - /index.php?do=show&formid=283
0,043 - /index.php?do=show&formid=283
0,042 - /index.php?do=show&formid=283
0,051 - /index.php?do=show&formid=283
0,047 - /index.php?do=show&formid=283
0,064 - /index.php?do=show&formid=283
0,118 - /
0,239 - /index.php?do=show&formid=117
0,131 - /index.php?do=show&formid=278
0,040 - /index.php?do=show&formid=283
0,039 - /index.php?do=show&formid=283
0,039 - /index.php?do=show&formid=283
0,046 - /index.php?do=show&formid=283
0,044 - /index.php?do=show&formid=283
0,050 - /index.php?do=show&formid=283
0,042 - /index.php?do=show&formid=283
0,073 - /index.php?do=show&formid=283
0,042 - /index.php?do=show&formid=283
0,042 - /index.php?do=show&formid=283
0,041 - /index.php?do=show&formid=283
0,082 - /index.php?do=show&formid=283
0,065 - /index.php?do=show&formid=283
0,074 - /index.php?do=show&formid=283
0,041 - /index.php?do=show&formid=283
0,085 - /index.php?do=show&formid=276
0,065 - /index.php?do=show&formid=283
0,022 - /index.php?unlogin
0,041 - /index.php
0,059 - /index.php?do=show&formid=117
0,677 - /index.php?do=forms
0,587 - /index.php?do=forms
0,045 - /index.php?do=show&formid=283
0,162 - /index.php?do=show&formid=283
0,189 - /index.php?do=show&formid=283
0,188 - /index.php?do=show&formid=283
0,150 - /index.php?do=show&formid=283
0,048 - /index.php?do=show&formid=283
0,045 - /index.php?do=show&formid=283
0,049 - /index.php?do=show&formid=283
0,063 - /index.php?do=show&formid=283
0,073 - /index.php?do=show&formid=283
0,074 - /index.php?do=show&formid=283
0,062 - /index.php?do=show&formid=283
0,058 - /index.php?do=show&formid=283
0,043 - /index.php?do=show&formid=283
0,054 - /index.php?do=show&formid=283
0,067 - /index.php?do=show&formid=283
0,047 - /index.php?do=show&formid=283
0,046 - /index.php?do=show&formid=283
0,046 - /index.php?do=show&formid=283
0,079 - /index.php?do=show&formid=283
2,404 - /index.php?do=show&formid=246
0,849 - /index.php?do=show&formid=246
0,071 - /index.php?do=show&formid=283
0,068 - /index.php?do=show&formid=283
2,190 - /index.php?do=users
0,041 - /index.php
0,074 - /index.php?do=show&formid=117
0,073 - /index.php?do=show&formid=283
0,025 - /index.php?unlogin
0,048 - /index.php
0,054 - /index.php?do=show&formid=117
0,054 - /index.php?do=show&formid=283
0,719 - /index.php?do=users
0,043 - /index.php
0,053 - /index.php?do=show&formid=117
0,052 - /index.php?do=show&formid=283
0,020 - /index.php?unlogin
0,051 - /index.php
0,050 - /index.php?do=show&formid=117
0,588 - /index.php?do=forms
0,163 - /
0,192 - /index.php?do=show&formid=117
0,077 - /index.php?do=show&formid=283
0,019 - /index.php?do=users
0,046 - /index.php
0,056 - /index.php?do=show&formid=117
0,762 - /index.php?do=users
0,037 - /index.php
0,054 - /index.php?do=show&formid=117
0,058 - /index.php?do=show&formid=283
2,091 - /index.php?do=show&formid=246
0,047 - /index.php?do=show&formid=283
0,018 - /index.php?do=show&formid=283
0,022 - /index.php?do=show&formid=283
0,023 - /index.php?do=show&formid=282
0,021 - /index.php
0,033 - /index.php
0,022 - /index.php
0,024 - /index.php
0,082 - /index.php?do=show&formid=90
0,042 - /index.php?do=show&formid=90&event
0,113 - /index.php?do=show&formid=90&event
0,122 - /index.php?do=show&formid=33&id=1921
12,094 - /index.php?do=show&formid=68
0,017 - /index.php?unlogin
0,038 - /index.php
0,042 - /index.php?do=show&formid=117
1,105 - /index.php?do=show&formid=68
1,127 - /index.php?do=show&formid=68
1,126 - /index.php?do=show&formid=68
0,044 - /index.php?do=show&formid=68
1,113 - /index.php?do=show&formid=68&event
1,100 - /index.php?do=show&formid=68&event
1,047 - /index.php
0,495 - /index.php?do=show&formid=117
0,124 - /index.php?do=show&formid=282
0,088 - /index.php?do=show&formid=283
0,629 - /index.php?do=forms
0,516 - /index.php?do=forms&event
0,081 - /index.php?do=form&id=283
0,063 - /index.php?do=show&formid=283
0,044 - /index.php?do=show&formid=283
0,053 - /index.php?do=show&formid=283
0,060 - /index.php?do=show&formid=283
2,227 - /index.php?do=users
0,084 - /index.php
0,091 - /index.php?do=show&formid=117
0,051 - /index.php?do=show&formid=283
0,053 - /index.php?do=show&formid=283
0,050 - /index.php?do=show&formid=283
